  %   cumulative   self              self     total
 time   seconds   seconds    calls  ms/call  ms/call  name
 13.72  5475.27   5475.27 102515096     0.05     0.18  REXML::Element#root
  9.34  9202.72   3727.45 51529274     0.07     4.81  Array#each
  8.13 12448.11   3245.39 29509459     0.11     1.73  REXML::Element#namespace
  6.50 15042.38   2594.27 29865877     0.09     0.41  REXML::Attributes#get_attribute
  4.20 16717.78   1675.40 275872867     0.01     0.01  Kernel.kind_of?
  4.14 18370.02   1652.24  4738507     0.35     8.91  REXML::XPathParser#expr
  3.11 19610.97   1240.95  3648604     0.34     0.81  REXML::Parsers::BaseParser#pull_event
  2.83 20739.73   1128.76 187798109     0.01     0.01  Kernel.nil?
  2.80 21856.26   1116.53 29775619     0.04     0.46  REXML::Attributes#[]
  2.05 22673.55    817.29 41571341     0.02     0.04  Kernel.clone
  1.86 23415.24    741.69 15188250     0.05     0.77  Array#dclone
  1.85 24154.69    739.45 41571341     0.02     0.02  Kernel.initialize_clone
  1.75 24853.40    698.71  2991079     0.23     6.38  Array#delete_if
  1.66 25514.50    661.10 26765004     0.02     0.29  REXML::Element#document
  1.40 26073.16    558.66 90552334     0.01     0.01  String#==
  1.35 26613.50    540.34  2282363     0.24    43.67  Array#each_index
  1.32 27141.51    528.01 26403971     0.02     0.09  REXML::Document#doctype
  1.32 27667.90    526.39 26376357     0.02     0.06  Object#dclone
  1.26 28171.06    503.16 82236927     0.01     0.01  Array#<<
  1.24 28667.32    496.26 27006882     0.02     0.07  Enumerable.find
  1.15 29127.62    460.30 75802974     0.01     0.01  NilClass#nil?
  0.88 29477.15    349.53 37041227     0.01     0.01  String#=~
  0.83 29809.30    332.15    26701    12.44   221.03  REXML::Parsers::TreeParser#parse
  0.78 30120.21    310.91 14026202     0.02     3.28  Class#new
  0.77 30428.11    307.90  6507149     0.05     2.39  REXML::XPathParser#get_namespace
  0.75 30725.86    297.75 37654722     0.01     0.01  Symbol#dclone
  0.70 31005.36    279.50 41081650     0.01     0.01  Array#length
  0.67 31274.00    268.64   340564     0.79     0.79  SQLite3::Statement#initialize
  0.67 31541.10    267.10 39221063     0.01     0.01  String#[]
  0.61 31782.62    241.52 13325944     0.02     0.02  BasicObject#!=
  0.59 32016.63    234.01 38997764     0.01     0.01  Fixnum#==
  0.59 32250.38    233.75 38560428     0.01     0.01  Symbol#==
  0.58 32480.22    229.84 32062720     0.01     0.01  Fixnum#>
  0.49 32677.60    197.38   791281     0.25     1.06  REXML::Parsers::XPathParser#RelativeLocationPath
  0.48 32868.34    190.74  3701955     0.05     0.07  REXML::IOSource#match
  0.47 33056.76    188.42  9316463     0.02     0.04  Kernel.dup
  0.46 33242.10    185.34 30384893     0.01     0.01  Hash#fetch
  0.45 33419.70    177.60 10127650     0.02     0.02  Kernel.initialize_dup
  0.41 33584.16    164.46 28139775     0.01     0.01  String#initialize_copy
  0.40 33744.90    160.74  2683978     0.06     0.32  REXML::Elements#add
  0.39 33902.31    157.41 20357277     0.01     0.01  REXML::Element#node_type
  0.37 34051.00    148.69  7450012     0.02     0.06  REXML::Parent#to_a
  0.36 34193.13    142.13  3648553     0.04     0.07  REXML::IOSource#empty?
  0.33 34323.91    130.78 22819236     0.01     0.01  Array#initialize_copy
  0.32 34452.60    128.69 19549500     0.01     0.01  Array#shift
  0.32 34580.13    127.53 21176771     0.01     0.01  Array#size
  0.32 34706.62    126.49  3648604     0.03     0.88  REXML::Parsers::BaseParser#pull
  0.28 34819.91    113.29 18925467     0.01     0.01  Array#clear
  0.28 34930.34    110.43   875325     0.13     0.19  REXML::Parsers::XPathParser#NodeTest
  0.27 35039.45    109.11  1368690     0.08     0.39  REXML::Element#initialize
  0.27 35147.14    107.69    52917     2.04     3.08  REXML::Parsers::XPathParser#get_group
  0.27 35253.11    105.97  2683927     0.04     0.07  REXML::IOSource#readline
  0.25 35353.54    100.43   844198     0.12     2.23  REXML::Parsers::XPathParser#AdditiveExpr
  0.25 35453.60    100.06   844198     0.12     1.66  REXML::Parsers::XPathParser#UnionExpr
  0.25 35553.08     99.48   844198     0.12     1.84  REXML::Parsers::XPathParser#UnaryExpr
  0.25 35651.90     98.82   844198     0.12     2.43  REXML::Parsers::XPathParser#RelationalExpr
  0.25 35750.70     98.80   844198     0.12     2.03  REXML::Parsers::XPathParser#MultiplicativeExpr
  0.24 35846.73     96.03   791281     0.12     2.80  REXML::Parsers::XPathParser#EqualityExpr
  0.24 35941.98     95.25   911224     0.10     0.25  REXML::Text#initialize
  0.24 36036.20     94.22 10835645     0.01     0.01  MatchData#[]
  0.23 36129.50     93.30   654804     0.14    20.33  REXML::XPath#first
  0.23 36222.79     93.29   791281     0.12     3.19  REXML::Parsers::XPathParser#OrExpr
  0.23 36314.21     91.42  2683927     0.03     0.11  REXML::IOSource#read
  0.23 36405.61     91.40   791281     0.12     2.99  REXML::Parsers::XPathParser#AndExpr
  0.23 36496.99     91.38 14885869     0.01     0.01  Array#[]
  0.22 36586.72     89.73  2683978     0.03     0.06  Set#initialize
  0.21 36670.49     83.77   844198     0.10     1.46  REXML::Parsers::XPathParser#PathExpr
  0.20 36751.55     81.06  2341412     0.03     0.07  REXML::Text#check
  0.20 36832.31     80.76  2253213     0.04     0.36  REXML::Parent#add
  0.19 36909.32     77.01 14137790     0.01     0.01  BasicObject#!
  0.19 36985.91     76.59   791281     0.10     1.19  REXML::Parsers::XPathParser#LocationPath
  0.19 37062.28     76.37  3648605     0.02     0.03  Kernel.tap
  0.18 37135.45     73.17  3648553     0.02     0.09  REXML::Parsers::BaseParser#empty?
  0.18 37207.44     71.99  9062246     0.01     0.01  Regexp#===
  0.18 37278.59     71.15  3648553     0.02     0.02  REXML::Source#empty?
  0.17 37344.78     66.19  1341989     0.05     0.54  REXML::Element#add_element
  0.16 37408.70     63.92  6419840     0.01     0.04  REXML::Attribute#value
  0.16 37471.50     62.80  9527686     0.01     0.01  String#size
  0.16 37533.90     62.40   844198     0.07     0.11  REXML::Parsers::XPathParser#PrimaryExpr
  0.15 37594.07     60.17  1887654     0.03     0.04  REXML::Namespace.name=
  0.14 37650.40     56.33  2111615     0.03     0.33  REXML::Text#doctype
  0.14 37706.66     56.26   844198     0.07     0.20  REXML::Parsers::XPathParser#FilterExpr
  0.14 37762.69     56.03  7235025     0.01     0.01  REXML::Text#node_type
  0.13 37815.74     53.05  2279914     0.02     0.03  REXML::Child#parent=
  0.13 37868.03     52.29  2282363     0.02    43.69  REXML::XPathParser#d_o_s
  0.13 37919.16     51.13   722064     0.07     0.51  REXML::Attributes#namespaces
  0.13 37969.29     50.13   738364     0.07     3.26  REXML::Parsers::XPathParser#parse
  0.12 38018.57     49.28   518964     0.09     0.73  REXML::Attributes#[]=
  0.12 38066.98     48.41  2710628     0.02     0.02  IO::readable.readline
  0.12 38114.17     47.19   911224     0.05     0.07  REXML::Element#whitespace
  0.12 38160.40     46.23  1341989     0.03     0.05  Set#each
  0.11 38205.61     45.21   340564     0.13     1.70  SQLite3::Database#prepare
  0.11 38249.53     43.92   911224     0.05     0.73  REXML::Text#parent=
  0.11 38291.78     42.25  3993056     0.01     0.01  Regexp#match
  0.11 38333.75     41.97  2341431     0.02     0.03  Kernel.!~
  0.10 38374.61     40.86   722307     0.06     0.10  Hash#each_value
  0.10 38414.53     39.92   340530     0.12     1.85  SQLite3::Database#execute
  0.09 38451.10     36.57  5750635     0.01     0.01  Array#replace
  0.09 38487.29     36.19   400259     0.09     0.10  SQLite3::Statement#step
  0.09 38522.94     35.65   722064     0.05     1.28  REXML::Element#namespaces
  0.09 38557.81     34.87   854964     0.04     0.47  REXML::Attribute#doctype
  0.09 38591.76     33.95  5605219     0.01     0.01  Fixnum#<
  0.08 38625.39     33.63   518964     0.06     0.12  REXML::Attribute#initialize
  0.08 38658.78     33.39  1395397     0.02     0.17  REXML::Child#initialize
  0.08 38690.40     31.62  1368690     0.02     0.20  REXML::Parent#initialize
  0.07 38720.03     29.63  2760876     0.01     0.01  String#scan
  0.07 38749.26     29.23  4816907     0.01     0.01  BasicObject#==
  0.07 38776.88     27.62   738364     0.04    43.93  REXML::XPathParser#parse
  0.07 38803.35     26.47  3543303     0.01     0.01  Array#concat
  0.06 38826.96     23.61  1341992     0.02     0.35  Hash#each
  0.06 38850.50     23.54   654804     0.04    20.37  REXML::Elements#[]
  0.06 38873.23     22.73   340530     0.07     0.17  SQLite3::Statement#get_metadata
  0.06 38895.84     22.61  3701955     0.01     0.01  Kernel.taint
  0.06 38917.95     22.11  3259474     0.01     0.01  Array#+
  0.05 38939.84     21.89   518964     0.04     0.60  REXML::Attribute#element=
  0.05 38961.63     21.79   911224     0.02     0.03  REXML::Element#ignore_whitespace_nodes
  0.05 38982.96     21.33   625167     0.03     0.06  REXML::Text#unnormalize
  0.05 39004.23     21.27  3271135     0.01     0.01  Fixnum#+
  0.05 39025.14     20.91  2423600     0.01     0.01  String#gsub!
  0.05 39046.02     20.88    27004     0.77     0.91  Kernel.gem_original_require
  0.05 39066.08     20.06  2804033     0.01     0.01  String#<<
  0.05 39085.43     19.35   738364     0.03    40.63  REXML::XPathParser#match
  0.05 39104.64     19.21  2710628     0.01     0.01  StringIO#gets
  0.05 39123.79     19.15  2683943     0.01     0.01  Array#push
  0.05 39142.68     18.89  2711270     0.01     0.01  Hash#initialize
  0.05 39161.48     18.80   738364     0.03     0.03  REXML::XPathParser#namespaces=
  0.05 39179.64     18.16  2701865     0.01     0.01  Array#pop
  0.04 39197.28     17.64   911224     0.02     0.03  REXML::Parent#[]
  0.04 39214.80     17.52   738364     0.02     0.05  REXML::XPathParser#initialize
  0.04 39231.51     16.71   738364     0.02     0.03  REXML::XPathParser#variables=
  0.04 39248.07     16.56   340530     0.05     0.17  Kernel.loop
  0.04 39264.16     16.09  2820270     0.01     0.01  Hash#[]
  0.04 39279.96     15.80  2737329     0.01     0.01  StringIO#eof?
  0.04 39295.76     15.80  2275438     0.01     0.01  String#===
  0.04 39310.67     14.91   541548     0.03     0.03  REXML::Attribute#prefix
  0.04 39325.57     14.90   722066     0.02     0.05  Hash#merge
  0.04 39340.02     14.45    17824     0.81     0.81  Kernel.spawn
  0.04 39354.45     14.43   722064     0.02     0.12  REXML::Attributes#each_attribute
  0.04 39368.74     14.29  2022501     0.01     0.01  String#length
  0.03 39382.60     13.86   289455     0.05     0.78  REXML::Element#text
  0.03 39396.42     13.82   340564     0.04     0.30  SQLite3::Statement#bind_params
  0.03 39409.83     13.41   180516     0.07     0.22  REXML::Functions.string
  0.03 39423.16     13.33    90258     0.15     0.74  REXML::XPathParser#equality_relational_compare
  0.03 39435.88     12.72  1048594     0.01     0.01  Array#flatten
  0.03 39448.21     12.33  1368690     0.01     0.01  REXML::Attributes#initialize
  0.03 39460.46     12.25  1368690     0.01     0.01  Array#unshift
  0.03 39472.65     12.19  1253980     0.01     0.01  String#gsub
  0.03 39484.58     11.93  2023505     0.01     0.01  Kernel.block_given?
  0.03 39495.81     11.23   289455     0.04     0.66  REXML::Text#value
  0.03 39506.80     10.99  1066721     0.01     0.01  SQLite3::Statement#bind_param
  0.03 39517.43     10.63  1368690     0.01     0.01  REXML::Elements#initialize
  0.03 39527.75     10.32   733979     0.01     0.02  Array#initialize
  0.02 39537.71      9.96    83560     0.12  2077.67  REXML::XPath#each
  0.02 39547.36      9.65  1197010     0.01     0.01  Module#===
  0.02 39556.59      9.23  1204002     0.01     0.01  String#strip
  0.02 39565.80      9.21   340530     0.03     0.19  SQLite3::Statement#columns
  0.02 39574.70      8.90   340530     0.03     0.22  Enumerable.to_a
  0.02 39583.45      8.75    90258     0.10     5.05  REXML::Element#attribute
  0.02 39592.18      8.73  1341990     0.01     0.01  Hash#each_key
  0.02 39600.52      8.34  1456707     0.01     0.01  Kernel.hash
  0.02 39608.66      8.14    52917     0.15     7.36  REXML::Parsers::XPathParser#Predicate
  0.02 39616.71      8.05   340530     0.02     0.19  SQLite3::Statement#each
  0.02 39624.69      7.98   970311     0.01     0.01  Hash#[]=
  0.02 39631.87      7.18   313446     0.02     0.22  REXML::Parent#index
  0.02 39638.87      7.00  1181998     0.01     0.01  Kernel.instance_of?
  0.02 39645.81      6.94   289455     0.02     0.07  REXML::Element#get_text
  0.02 39652.73      6.92   738364     0.01     0.01  REXML::Functions.namespace_context=
  0.02 39659.11      6.38    80104     0.08     0.20  REXML::Encoding.encoding=
  0.01 39665.00      5.89   738364     0.01     0.01  REXML::Functions.variables=
  0.01 39670.86      5.86    26701     0.22     0.89  REXML::IOSource#initialize
  0.01 39676.71      5.85   207580     0.03     1.05  Meta::Database#addTag
  0.01 39682.48      5.77   143179     0.04     0.28  Array#collect
  0.01 39688.23      5.75   207580     0.03     1.08  Meta::Core::Tag#initialize
  0.01 39693.77      5.54   207580     0.03     0.04  Meta::Core::Track#updateFromTag
  0.01 39699.24      5.47   863812     0.01     0.01  Fixnum#%
  0.01 39704.65      5.41   158751     0.03     0.08  REXML::Element#root_node
  0.01 39710.00      5.35   739903     0.01     0.01  Hash#initialize_copy
  0.01 39715.30      5.30   681060     0.01     0.01  SQLite3::Statement#column_count
  0.01 39720.38      5.08   662588     0.01     0.01  Array#empty?
  0.01 39724.97      4.59   787866     0.01     0.01  BasicObject#initialize
  0.01 39729.40      4.43   518964     0.01     0.01  Hash#store
  0.01 39733.79      4.39    92055     0.05     0.07  Array#<=>
  0.01 39738.07      4.28   610118     0.01     0.01  String#to_s
  0.01 39742.01      3.94    17824     0.22     1.77  Open3.popen_run
  0.01 39745.85      3.84    53402     0.07     0.21  REXML::Document#add
  0.01 39749.68      3.83    80104     0.05     0.10  REXML::Encoding.find_encoding
  0.01 39753.48      3.80    55520     0.07     0.20  Array#sort
  0.01 39757.20      3.72    26459     0.14  1131.07  Meta::MusicBrainz::Recording#getFromXML
  0.01 39760.90      3.70    17824     0.21     2.33  Open3.popen3
  0.01 39764.59      3.69   466413     0.01     0.01  SQLite3::Database#encoding
  0.01 39768.21      3.62    52917     0.07   341.34  REXML::XPathParser#descendant_or_self
  0.01 39771.81      3.60   518973     0.01     0.01  Hash#has_key?
  0.01 39775.27      3.46    19253     0.18     3.00  Meta::Database#getID
  0.01 39778.73      3.46   340564     0.01     0.01  SQLite3::Statement#close
  0.01 39782.07      3.34   182490     0.02     0.02  Kernel.===
  0.01 39785.30      3.23    27004     0.12     1.05  Kernel.require
  0.01 39788.44      3.14   400225     0.01     0.01  SQLite3::Statement#done?
  0.01 39791.45      3.01    52916     0.06     2.33  REXML::XPathParser#document_order
  0.01 39794.37      2.92   344688     0.01     0.01  REXML::XMLDecl#node_type
  0.01 39797.25      2.88    53472     0.05     0.08  IO#pipe
  0.01 39800.10      2.85   340563     0.01     0.01  Module#const_defined?
  0.01 39802.87      2.77   361032     0.01     0.01  REXML::Document#document
  0.01 39805.58      2.71    27648     0.10    10.66  Meta::Database#getCachedMbQuery
  0.01 39808.09      2.51    17824     0.14     0.16  Process.detach
  0.01 39810.59      2.50    53402     0.05     0.29  REXML::Source#encoding=
  0.01 39813.07      2.48    35686     0.07     0.09  IO#read
  0.01 39815.50      2.43    27648     0.09    10.93  Meta::MusicBrainz::Service#mbRequest
  0.01 39817.92      2.42     1189     2.04     3.97  Range#each
  0.01 39820.25      2.33    26701     0.09     0.13  REXML::Encoding.check_encoding
  0.01 39822.54      2.29    26459     0.09  1332.89  Meta::MusicBrainz::Recording#getFromMbid
  0.01 39824.75      2.21    83560     0.03  2077.69  REXML::Elements#each
  0.01 39826.92      2.17    26702     0.08     0.35  REXML::XMLDecl#initialize
  0.01 39829.06      2.14   132192     0.02     0.02  IO#write
  0.01 39831.12      2.06    26701     0.08     1.97  REXML::SourceFactory#create_from
  0.01 39833.18      2.06    90258     0.02     0.03  REXML::XPathParser#compare
  0.00 39835.09      1.91    57184     0.03     0.07  IO#puts
  0.00 39836.95      1.86   207587     0.01     0.01  String#downcase
  0.00 39838.76      1.81    17824     0.10     4.68  Meta::Core::Track#createFromFilename
  0.00 39840.56      1.80    17824     0.10     2.46  Open3.capture3
  0.00 39842.30      1.74    26701     0.07   223.52  REXML::Document#initialize
  0.00 39844.02      1.72   277030     0.01     0.01  Fixnum#<=>
  0.00 39845.71      1.69     4969     0.34     1.90  Meta::Database#selectById
  0.00 39847.36      1.65   197326     0.01     0.01  Kernel.respond_to?
  0.00 39848.99      1.63    53472     0.03     0.08  Thread#value
  0.00 39850.61      1.62    17824     0.09     0.21  Shellwords.shellescape
  0.00 39852.22      1.61    82626     0.02     0.02  Meta::MusicBrainz::Artist#initialize
  0.00 39853.77      1.55   237017     0.01     0.01  REXML::Document#node_type
  0.00 39855.29      1.52    53402     0.03     0.11  REXML::Elements#size
  0.00 39856.79      1.50    26702     0.06     0.24  REXML::XMLDecl#encoding=
  0.00 39858.21      1.42    26701     0.05     0.97  REXML::Document#add_element
  0.00 39859.63      1.42   106944     0.01     0.01  IO#initialize
  0.00 39860.95      1.32    53472     0.02     0.05  Pathname#initialize
  0.00 39862.26      1.31   208092     0.01     0.01  Kernel.respond_to_missing?
  0.00 39863.56      1.30    35648     0.04     0.06  Thread#new
  0.00 39864.77      1.21    53402     0.02     0.08  REXML::Parent#each
  0.00 39865.98      1.21   121491     0.01     0.01  Kernel.sprintf
  0.00 39867.16      1.18    26701     0.04     2.01  REXML::Parsers::BaseParser#stream=
  0.00 39868.32      1.16    57057     0.02     0.09  Kernel.puts
  0.00 39869.48      1.16    53473     0.02     0.02  String#split
  0.00 39870.64      1.16   149442     0.01     0.01  SQLite3::Statement#column_name
  0.00 39871.77      1.13   149442     0.01     0.01  SQLite3::Statement#column_decltype
  0.00 39872.88      1.11    26701     0.04     0.52  REXML::Source#initialize
  0.00 39873.98      1.10    26701     0.04   223.18  REXML::Document#build
  0.00 39875.02      1.04    47858     0.02    17.78  Enumerable.each_with_index
  0.00 39876.05      1.03    26459     0.04     0.09  Meta::MusicBrainz::Recording#initialize
  0.00 39877.07      1.02   106944     0.01     0.01  IO#close
  0.00 39878.08      1.01   165250     0.01     0.01  Kernel.is_a?
  0.00 39879.03      0.95    17824     0.05     4.20  Meta::Database#addTrack
  0.00 39879.93      0.90    26701     0.03     2.05  REXML::Parsers::BaseParser#initialize
  0.00 39880.77      0.84    90258     0.01     0.01  Hash#key
  0.00 39881.57      0.80    35648     0.02     0.02  Thread#initialize
  0.00 39882.35      0.78    35648     0.02     0.05  Pathname#to_s
  0.00 39883.12      0.77    90681     0.01     0.01  String#to_i
  0.00 39883.87      0.75   104482     0.01     0.01  Array#reverse
  0.00 39884.58      0.71    90258     0.01     0.01  REXML::Attribute#node_type
  0.00 39885.28      0.70    17824     0.04     0.10  Pathname#dirname
  0.00 39885.96      0.68    21856     0.03     0.06  Meta::MusicBrainz::Work#initialize
  0.00 39886.61      0.65   106094     0.01     0.01  Fixnum#-
  0.00 39887.25      0.64    17824     0.04     0.09  Pathname#basename
  0.00 39887.87      0.62    26701     0.02     2.09  REXML::Parsers::TreeParser#initialize
  0.00 39888.48      0.61    17824     0.03     2.15  Meta::Database#updateTrack
  0.00 39889.04      0.56    80106     0.01     0.01  String#upcase
  0.00 39889.56      0.52     7908     0.07     0.15  REXML::Text#expand
  0.00 39890.05      0.49    26701     0.02     0.03  REXML::Encoding.encode
  0.00 39890.53      0.48    17824     0.03     2.18  Meta::Core::Track#store
  0.00 39891.01      0.48    26701     0.02     0.02  StringIO#initialize
  0.00 39891.41      0.40    53408     0.01     0.01  String#force_encoding
  0.00 39891.80      0.39     1189     0.33     7.45  Meta::Core::Disc#calcMbDiscID
  0.00 39892.15      0.35    27004     0.01     0.01  Gem.unresolved_deps
  0.00 39892.50      0.35    26458     0.01     0.01  Meta::MusicBrainz::Track#initialize
  0.00 39892.84      0.34     6734     0.05     0.08  REXML::Entity#value
  0.00 39893.15      0.31    52918     0.01     0.01  Array#compact
  0.00 39893.45      0.30    35671     0.01     0.01  Hash#delete
  0.00 39893.74      0.29    18942     0.02     0.02  BasicObject#singleton_method_added
  0.00 39894.02      0.28    53472     0.01     0.01  IO#closed?
  0.00 39894.26      0.24    17902     0.01     0.01  File#dirname
  0.00 39894.50      0.24    26701     0.01     0.01  String#encode
  0.00 39894.69      0.19     1823     0.10 20849.84  Meta::MusicBrainz::Medium#initialize
  0.00 39894.88      0.19    17824     0.01     0.01  Process::Status#==
  0.00 39895.07      0.19    35784     0.01     0.01  Array#last
  0.00 39895.25      0.18    26722     0.01     0.01  String#+
  0.00 39895.43      0.18    17825     0.01     0.01  File#basename
  0.00 39895.60      0.17    26701     0.01     0.01  StringIO#external_encoding
  0.00 39895.77      0.17    39314     0.00     0.00  Fixnum#*
  0.00 39895.93      0.16    34237     0.00     0.00  Fixnum#/
  0.00 39896.09      0.16    26702     0.01     0.01  REXML::XMLDecl#dowrite
  0.00 39896.23      0.14    15816     0.01     0.01  String#bytesize
  0.00 39896.36      0.13    17862     0.01     0.01  String#empty?
  0.00 39896.49      0.13    17825     0.01     0.01  IO#sync=
  0.00 39896.61      0.12    26701     0.00     0.00  StringIO#read
  0.00 39896.72      0.11    17824     0.01     0.01  Thread#join
  0.00 39896.81      0.09      533     0.17     0.38  Pry::Command#command_regex
  0.00 39896.90      0.09       10     9.00     9.00  Dir#[]
  0.00 39896.99      0.09     1278     0.07     0.12  Rational#<=>
  0.00 39897.07      0.08    27004     0.00     0.00  Hash#empty?
  0.00 39897.15      0.08     1066     0.08     0.10  Pry::Command#convert_to_regex
  0.00 39897.22      0.07     4850     0.01     0.01  Module#method_added
  0.00 39897.29      0.07     1066     0.07     0.13  Rational#/
  0.00 39897.35      0.06     3012     0.02     1.73  Meta::Core::Track#addWork
  0.00 39897.40      0.05     2622     0.02     0.02  Hash#keys
  0.00 39897.45      0.05        2    25.00    45.00  Integer#times
  0.00 39897.50      0.05     6443     0.01     0.01  Fixnum#div
  0.00 39897.55      0.05      566     0.09     0.83  Time#strftime
  0.00 39897.60      0.05     7908     0.01     0.01  REXML.entity_expansion_text_limit
  0.00 39897.64      0.04      213     0.19     0.28  Time#-
  0.00 39897.68      0.04      426     0.09     0.26  Numeric#div
  0.00 39897.72      0.04      282     0.14     0.28  Gem::Version#initialize
  0.00 39897.76      0.04      852     0.05     0.05  Rational#floor
  0.00 39897.80      0.04     1189     0.03     0.07  Digest::Instance.digest
  0.00 39897.83      0.03     1189     0.03 33154.89  Meta::MusicBrainz::Release#getFromDiscID
  0.00 39897.86      0.03     1102     0.03     0.03  Kernel.instance_variable_set
  0.00 39897.89      0.03       88     0.34     0.45  Array#map
  0.00 39897.92      0.03      426     0.07     0.09  Rational#-
  0.00 39897.94      0.02      296     0.07 129063.65  Meta::MusicBrainz::Release#getFromXML
  0.00 39897.96      0.02     1740     0.01     0.01  Fixnum#to_s
  0.00 39897.98      0.02      569     0.04     0.04  Time#initialize
  0.00 39898.00      0.02      213     0.09     0.09  Rational#to_f
  0.00 39898.02      0.02      426     0.05     0.66  Numeric#divmod
  0.00 39898.04      0.02       49     0.41    11.43  Kernel.eval
  0.00 39898.06      0.02      126     0.16     0.32  Module#module_eval
  0.00 39898.08      0.02      108     0.19     0.74  Gem::Dependency#initialize
  0.00 39898.10      0.02       38     0.53     0.79  Gem::Specification#date=
  0.00 39898.12      0.02     1280     0.02     0.02  String#%
  0.00 39898.14      0.02      139     0.14     0.14  Module#attr_reader
  0.00 39898.16      0.02       38     0.53    14.21  Gem::Specification#initialize
  0.00 39898.18      0.02      282     0.07     0.14  Gem::Version#correct?
  0.00 39898.20      0.02      213     0.09     0.28  Time#+
  0.00 39898.22      0.02     2644     0.01     0.01  Bignum#<=>
  0.00 39898.24      0.02     1189     0.02     0.02  Digest::Base#update
  0.00 39898.26      0.02     3567     0.01     0.01  Hash#size
  0.00 39898.27      0.01     1189     0.01     0.01  Digest::Class#initialize
  0.00 39898.28      0.01      351     0.03    30.17  Meta::Database#selectTracksForDisc
  0.00 39898.29      0.01      352     0.03     0.74  SQLite3::Database#transaction
  0.00 39898.30      0.01      352     0.03     0.77  Meta::Database#beginLUW
  0.00 39898.31      0.01     1189     0.01     0.08  Digest::Class#digest
  0.00 39898.32      0.01      213     0.05     0.09  Rational#+
  0.00 39898.33      0.01      213     0.05     0.09  Float#to_r
  0.00 39898.34      0.01     2292     0.00     0.00  Bignum#div
  0.00 39898.35      0.01      760     0.01     0.01  Pry::Command#match
  0.00 39898.36      0.01     1009     0.01     0.01  Regexp#escape
  0.00 39898.37      0.01       24     0.42     0.42  OpenStruct#new_ostruct_member
  0.00 39898.38      0.01      108     0.09     0.93  Gem::Specification#add_dependency_with_type
  0.00 39898.39      0.01       92     0.11     0.98  Gem::Specification#add_development_dependency
  0.00 39898.40      0.01      235     0.04     0.04  Array#include?
  0.00 39898.41      0.01       40     0.25     2.50  Gem::Version#<=>
  0.00 39898.42      0.01       17     0.59    12.35  Array#select
  0.00 39898.43      0.01      380     0.03     0.03  File#file?
  0.00 39898.44      0.01        1    10.00    10.00  SQLite3::Database#initialize
  0.00 39898.45      0.01       13     0.77     1.54  Enumerable.sort_by
  0.00 39898.46      0.01      164     0.06     0.49  Gem::Requirement#initialize
  0.00 39898.47      0.01        1    10.00    10.00  Pry::Hooks#hook_exists?
  0.00 39898.48      0.01      164     0.06     0.43  Array#map!
  0.00 39898.49      0.01       26     0.38     0.38  Thread#current
  0.00 39898.50      0.01       76     0.13     0.13  Gem::Specification#full_name
  0.00 39898.51      0.01      424     0.02     0.02  Class#inherited
  0.00 39898.52      0.01      114     0.09     0.35  Gem::Specification#contains_requirable_file?
  0.00 39898.53      0.01      114     0.09     0.18  Gem::Specification#full_gem_path
  0.00 39898.54      0.01       16     0.63     0.63  Gem::Specification#executables=
  0.00 39898.55      0.01     1280     0.01     0.01  Integer#chr
  0.00 39898.56      0.01      256     0.04     0.04  Fixnum#&
  0.00 39898.57      0.01       23     0.43     0.43  Module#alias_method
  0.00 39898.58      0.01      980     0.01     0.01  Regexp#=~
  0.00 39898.59      0.01      789     0.01     0.01  Fixnum#divmod
  0.00 39898.60      0.01     1682     0.01     0.01  Symbol#to_s
  0.00 39898.61      0.01      318     0.03     0.06  Module#define_method
  0.00 39898.62      0.01      168     0.06     0.36  Gem::Requirement#parse
  0.00 39898.63      0.01       97     0.10     0.10  Module#module_function
  0.00 39898.64      0.01       46     0.22     0.43  Pry::ClassCommand#inherited
  0.00 39898.65      0.01     1440     0.01     0.01  Bignum#%
  0.00 39898.66      0.01      569     0.02     0.05  Time#now
  0.00 39898.67      0.01     3012     0.00     1.71  Meta::Database#insertTrack2Work
  0.00 39898.68      0.01     1440     0.01     0.01  Bignum#<
  0.00 39898.69      0.01     1429     0.01     0.02  Meta::Core::Disc#initialize
  0.00 39898.70      0.01     1189     0.01     0.01  Digest::Base#finish
  0.00 39898.71      0.01      351     0.03     0.03  Meta::MusicBrainz::Release#initialize
  0.00 39898.72      0.01      351     0.03    30.20  Meta::Core::Disc#fetchTracks
  0.00 39898.73      0.01     2378     0.00     0.00  Digest::Base#reset
  0.00 39898.74      0.01      213     0.05     0.14  Rational#quo
  0.00 39898.75      0.01     1196     0.01     0.01  Array#pack
  0.00 39898.76      0.01      126     0.08     0.08  ManualEntries#getEntry
  0.00 39898.76      0.00        1     0.00 441330.00  TopFolder#scan
  0.00 39898.76      0.00        8     0.00     1.25  Gem::Deprecate.deprecate
  0.00 39898.76      0.00        1     0.00     0.00  PrettyPrint::Text#output
  0.00 39898.76      0.00       40     0.00     0.00  String#intern
  0.00 39898.76      0.00        1     0.00     0.00  PrettyPrint#flush
  0.00 39898.76      0.00        1     0.00    10.00  PP#pp
  0.00 39898.76      0.00        1     0.00    10.00  Kernel.pretty_inspect
  0.00 39898.76      0.00        1     0.00    10.00  #<Class:Pry>#delegate_accessors
  0.00 39898.76      0.00        1     0.00     0.00  Pry::PluginManager#initialize
  0.00 39898.76      0.00        4     0.00     2.50  OpenStruct#initialize
  0.00 39898.76      0.00        6     0.00     0.00  Kernel.method
  0.00 39898.76      0.00        1     0.00     0.00  Pry::History#restore_default_behavior
  0.00 39898.76      0.00        1     0.00     0.00  Pry::History#initialize
  0.00 39898.76      0.00        1     0.00     0.00  Pry::Config#input=
  0.00 39898.76      0.00        1     0.00     0.00  Pry::Config#hooks=
  0.00 39898.76      0.00        2     0.00     0.00  Pry::Helpers::BaseHelpers.windows_ansi?
  0.00 39898.76      0.00        2     0.00     0.00  Pry::Helpers::BaseHelpers.use_ansi_codes?
  0.00 39898.76      0.00        1     0.00     0.00  Kernel.system
  0.00 39898.76      0.00        1     0.00     0.00  Enumerable.detect
  0.00 39898.76      0.00        1     0.00     0.00  Pry#default_editor_for_platform
  0.00 39898.76      0.00        7     0.00     0.00  Symbol#id2name
  0.00 39898.76      0.00        7     0.00     0.00  String#chomp!
  0.00 39898.76      0.00        6     0.00     0.00  OpenStruct#modifiable
  0.00 39898.76      0.00        6     0.00     0.00  String#to_sym
  0.00 39898.76      0.00        4     0.00     0.00  Array#-
  0.00 39898.76      0.00        7     0.00     0.00  OpenStruct#method_missing
  0.00 39898.76      0.00        1     0.00     0.00  #<OpenStruct should_save=true, should_load=true, file="/home/james/.pry_history">.file
  0.00 39898.76      0.00       36     0.00     0.00  Symbol#to_sym
  0.00 39898.76      0.00        2     0.00     0.00  Symbol#to_proc
  0.00 39898.76      0.00        1     0.00    10.00  Pry#set_config_defaults
  0.00 39898.76      0.00        1     0.00     0.00  CodeRay::PluginHost.extended
  0.00 39898.76      0.00        3     0.00     0.00  CodeRay::PluginHost.plugin_path
  0.00 39898.76      0.00        2     0.00     0.00  CodeRay::Plugin.plugin_host
  0.00 39898.76      0.00        4     0.00     2.50  FileUtils.collect_method
  0.00 39898.76      0.00        1     0.00    10.00  PP::PPMethods.guard_inspect_key
  0.00 39898.76      0.00       19     0.00     0.00  CodeRay::PluginHost.validate_id
  0.00 39898.76      0.00        2     0.00     0.00  Kernel.singleton_methods
  0.00 39898.76      0.00        1     0.00     0.00  CodeRay::PluginHost.make_plugin_hash
  0.00 39898.76      0.00        2     0.00     0.00  CodeRay::PluginHost.path_to
  0.00 39898.76      0.00       18     0.00     0.00  CodeRay::PluginHost.plugin_hash
  0.00 39898.76      0.00       17     0.00     0.00  FileUtils.private_module_function
  0.00 39898.76      0.00        1     0.00     0.00  CodeRay::PluginHost.map
  0.00 39898.76      0.00        1     0.00     0.00  CodeRay::PluginHost.load_plugin_map
  0.00 39898.76      0.00       17     0.00     0.00  Module#private_class_method
  0.00 39898.76      0.00        1     0.00     0.00  CodeRay::PluginHost.register
  0.00 39898.76      0.00        1     0.00     0.00  CodeRay::Plugin.register_for
  0.00 39898.76      0.00        1     0.00    10.00  CodeRay::PluginHost.[]
  0.00 39898.76      0.00        1     0.00    10.00  CodeRay::PluginHost.const_missing
  0.00 39898.76      0.00        1     0.00    10.00  Pry#fix_coderay_colors
  0.00 39898.76      0.00        1     0.00    20.00  Pry#reset_defaults
  0.00 39898.76      0.00        1     0.00     0.00  Gem.refresh
  0.00 39898.76      0.00        1     0.00     0.00  Module#public_instance_methods
  0.00 39898.76      0.00        1     0.00   350.00  Pry::PluginManager#locate_plugins
  0.00 39898.76      0.00        1     0.00   350.00  Pry#locate_plugins
  0.00 39898.76      0.00        1     0.00   370.00  Pry#init
  0.00 39898.76      0.00        1     0.00     0.00  Pry::CLI#reset
  0.00 39898.76      0.00        8     0.00     0.00  Module#undef_method
  0.00 39898.76      0.00        1     0.00     0.00  Proc#arity
  0.00 39898.76      0.00        1     0.00     0.00  Slop#extract_short_flag
  0.00 39898.76      0.00        4     0.00     0.00  String#sub
  0.00 39898.76      0.00        3     0.00     0.00  Slop#clean
  0.00 39898.76      0.00        1     0.00     0.00  Slop#extract_long_flag
  0.00 39898.76      0.00        9     0.00     0.00  Module#method_undefined
  0.00 39898.76      0.00        1     0.00    10.00  Slop::Option#initialize
  0.00 39898.76      0.00        1     0.00    10.00  Slop#build_option
  0.00 39898.76      0.00        1     0.00    10.00  Slop#on
  0.00 39898.76      0.00        1     0.00    10.00  Slop#initialize
  0.00 39898.76      0.00        2     0.00     0.00  Slop#fetch_option
  0.00 39898.76      0.00        1     0.00     0.00  Slop#extract_option
  0.00 39898.76      0.00        2     0.00     0.00  Slop#strict?
  0.00 39898.76      0.00        2     0.00     0.00  Slop#process_item
  0.00 39898.76      0.00        1     0.00     0.00  Module#initialize_copy
  0.00 39898.76      0.00        2     0.00     0.00  Array#reject!
  0.00 39898.76      0.00        1     0.00     0.00  Enumerator#with_index
  0.00 39898.76      0.00        1     0.00     0.00  Slop::Option#required?
  0.00 39898.76      0.00        2     0.00     0.00  Enumerable.any?
  0.00 39898.76      0.00        1     0.00     0.00  Slop#parse!
  0.00 39898.76      0.00        1     0.00     0.00  Slop#parse
  0.00 39898.76      0.00        1     0.00     0.00  Pry::PluginManager#plugins
  0.00 39898.76      0.00        1     0.00     0.00  Pry#plugins
  0.00 39898.76      0.00        1     0.00     0.00  Pry::CLI#add_plugin_options
  0.00 39898.76      0.00        1     0.00     0.00  Pry::CLI#add_options
  0.00 39898.76      0.00        1     0.00     0.00  Pry::CLI#process_options
  0.00 39898.76      0.00       10     0.00     0.00  CodeRay.coderay_path
  0.00 39898.76      0.00        1     0.00     0.00  Time#gm
  0.00 39898.76      0.00        3     0.00     0.00  OptionParser::List#initialize
  0.00 39898.76      0.00        6     0.00     0.00  Proc#new
  0.00 39898.76      0.00       10     0.00     0.00  OptionParser::Switch#initialize
  0.00 39898.76      0.00       17     0.00     0.00  OptionParser#top
  0.00 39898.76      0.00       13     0.00     0.00  OptionParser::List#accept
  0.00 39898.76      0.00       13     0.00     0.00  OptionParser#accept
  0.00 39898.76      0.00        1     0.00     0.00  OptionParser::Arguable.extend_object
  0.00 39898.76      0.00        3     0.00     0.00  MethodSource::MethodExtensions.included
  0.00 39898.76      0.00        1     0.00     0.00  String#*
  0.00 39898.76      0.00        1     0.00     0.00  OptionParser#base
  0.00 39898.76      0.00        1     0.00     0.00  OptionParser#add_officious
  0.00 39898.76      0.00        3     0.00     0.00  Pry::Helpers::BaseHelpers.mri_18?
  0.00 39898.76      0.00        1     0.00     0.00  Dir#pwd
  0.00 39898.76      0.00       52     0.00     0.00  OptionParser::List#search
  0.00 39898.76      0.00       18     0.00     0.00  Array#reverse_each
  0.00 39898.76      0.00       18     0.00     0.00  OptionParser#visit
  0.00 39898.76      0.00       17     0.00     0.00  OptionParser#search
  0.00 39898.76      0.00       36     0.00     0.00  Symbol#===
  0.00 39898.76      0.00        4     0.00     0.00  OptionParser#notwice
  0.00 39898.76      0.00        4     0.00     0.00  Module#>=
  0.00 39898.76      0.00        4     0.00     0.00  OptionParser::Switch::NoArgument#incompatible_argument_styles
  0.00 39898.76      0.00        4     0.00     2.50  OptionParser::Switch#guess
  0.00 39898.76      0.00        4     0.00     2.50  OptionParser#make_switch
  0.00 39898.76      0.00        8     0.00     0.00  Hash#invert
  0.00 39898.76      0.00        4     0.00     0.00  Hash#update
  0.00 39898.76      0.00       30     0.00     0.00  Kernel.proc
  0.00 39898.76      0.00        4     0.00     0.00  OptionParser::List#update
  0.00 39898.76      0.00        4     0.00     0.00  OptionParser::List#append
  0.00 39898.76      0.00        4     0.00     2.50  OptionParser#define
  0.00 39898.76      0.00        4     0.00     2.50  OptionParser#on
  0.00 39898.76      0.00        1     0.00    10.00  OptionParser#initialize
  0.00 39898.76      0.00        1     0.00     0.00  ENV.include?
  0.00 39898.76      0.00        2     0.00     0.00  Method#to_proc
  0.00 39898.76      0.00        1     0.00    10.00  Pry::Hooks#add_hook
  0.00 39898.76      0.00        1     0.00     0.00  MatchData#to_a
  0.00 39898.76      0.00        1     0.00     0.00  String#rindex
  0.00 39898.76      0.00        1     0.00     0.00  OptionParser::Switch#parse_arg
  0.00 39898.76      0.00        1     0.00     0.00  OptionParser::Switch#conv_arg
  0.00 39898.76      0.00        1     0.00     0.00  OptionParser::Switch::RequiredArgument#parse
  0.00 39898.76      0.00        1     0.00     0.00  Kernel.catch
  0.00 39898.76      0.00        1     0.00     0.00  OptionParser#parse_in_order
  0.00 39898.76      0.00        1     0.00     0.00  OptionParser#order!
  0.00 39898.76      0.00        1     0.00     0.00  Array#[]=
  0.00 39898.76      0.00        1     0.00     0.00  OptionParser#permute!
  0.00 39898.76      0.00        1     0.00     0.00  OptionParser#parse!
  0.00 39898.76      0.00        2     0.00     0.00  File#initialize
  0.00 39898.76      0.00        1     0.00     0.00  IO#open
  0.00 39898.76      0.00        1     0.00     0.00  IO#each_line
  0.00 39898.76      0.00        1     0.00     0.00  ManualEntries#initialize
  0.00 39898.76      0.00        2     0.00    10.00  Array#pretty_print
  0.00 39898.76      0.00        2     0.00     0.00  Meta::Core::Primitive#setDatabase
  0.00 39898.76      0.00        1     0.00    10.00  Meta::Database#initialize
  0.00 39898.76      0.00        2     0.00    10.00  PP::PPMethods.seplist
  0.00 39898.76      0.00        1     0.00     0.00  Pry::Hooks#initialize
  0.00 39898.76      0.00        3     0.00     0.00  Kernel.inspect
  0.00 39898.76      0.00     1279     0.00     0.00  Bignum#-
  0.00 39898.76      0.00       34     0.00     0.00  SQLite3::Statement#bind_parameter_count
  0.00 39898.76      0.00      214     0.00     0.00  Fixnum#<<
  0.00 39898.76      0.00       13     0.00     0.00  HTTPClient#attr_proxy
  0.00 39898.76      0.00        1     0.00     0.00  HTTPClient::Site#initialize
  0.00 39898.76      0.00        1     0.00     0.00  HTTPClient::Util.urify
  0.00 39898.76      0.00        1     0.00     0.00  URI.parse
  0.00 39898.76      0.00        1     0.00  2420.00  SQLite3::Database#execute_batch
  0.00 39898.76      0.00        1     0.00  2420.00  Meta::Database#resetTables
  0.00 39898.76      0.00        2     0.00     0.00  Meta::MusicBrainz::Primitive#setService
  0.00 39898.76      0.00        1     0.00     0.00  Meta::MusicBrainz::Service#initialize
  0.00 39898.76      0.00        1     0.00     0.00  TopFolder#initialize
  0.00 39898.76      0.00        1     0.00     0.00  URI::Parser#parse
  0.00 39898.76      0.00        1     0.00     0.00  URI::HTTP#initialize
  0.00 39898.76      0.00        1     0.00     0.00  URI::Generic#initialize
  0.00 39898.76      0.00        4     0.00     0.00  URI::Generic#default_port
  0.00 39898.76      0.00        1     0.00     0.00  URI::Generic#set_fragment
  0.00 39898.76      0.00        1     0.00     0.00  URI::Generic#set_registry
  0.00 39898.76      0.00        1     0.00     0.00  URI::Generic#set_opaque
  0.00 39898.76      0.00        1     0.00     0.00  URI::Generic#set_query
  0.00 39898.76      0.00        1     0.00     0.00  URI::Generic#set_path
  0.00 39898.76      0.00        7     0.00     0.00  PrettyPrint::Text#add
  0.00 39898.76      0.00        1     0.00     0.00  PrettyPrint::Text#initialize
  0.00 39898.76      0.00        2     0.00     0.00  URI::Generic#set_port
  0.00 39898.76      0.00        1     0.00     0.00  URI::Generic#set_host
  0.00 39898.76      0.00        1     0.00     0.00  URI::Generic#set_userinfo
  0.00 39898.76      0.00        1     0.00     0.00  URI::Generic#split_userinfo
  0.00 39898.76      0.00        1     0.00     0.00  URI::Generic#set_scheme
  0.00 39898.76      0.00        5     0.00     0.00  Hash#include?
  0.00 39898.76      0.00        2     0.00     0.00  URI.scheme_list
  0.00 39898.76      0.00        1     0.00     0.00  URI::Parser#split
  0.00 39898.76      0.00        1     0.00     0.00  Kernel.caller
  0.00 39898.76      0.00       75     0.00     0.00  Regexp#to_s
  0.00 39898.76      0.00        1     0.00     0.00  OpenSSL::X509::Store#flags=
  0.00 39898.76      0.00        1     0.00     0.00  OpenSSL::X509::Store#set_default_paths
  0.00 39898.76      0.00        1     0.00     0.00  OpenSSL::X509::Store#initialize
  0.00 39898.76      0.00       49     0.00     0.00  Class#initialize
  0.00 39898.76      0.00        6     0.00     0.00  Kernel.raise
  0.00 39898.76      0.00        6     0.00    46.67  Gem.try_activate
  0.00 39898.76      0.00        6     0.00    41.67  Gem::Specification#find_by_path
  0.00 39898.76      0.00        7     0.00    85.71  Gem::Specification#each
  0.00 39898.76      0.00        7     0.00     0.00  Proc#call
  0.00 39898.76      0.00      114     0.00     0.00  Gem.suffixes
  0.00 39898.76      0.00        1     0.00     0.00  PP::PPMethods.comma_breakable
  0.00 39898.76      0.00       20     0.00     0.00  Gem::Specification#original_name
  0.00 39898.76      0.00       38     0.00     0.00  File#directory?
  0.00 39898.76      0.00       58     0.00     0.00  Gem::Specification#gems_dir
  0.00 39898.76      0.00       38     0.00     0.00  Gem::Specification#base_dir
  0.00 39898.76      0.00        7     0.00    80.00  Gem::Specification#_all
  0.00 39898.76      0.00        2     0.00     0.00  Gem::Specification#_resort!
  0.00 39898.76      0.00        2     0.00     0.00  Array#sort!
  0.00 39898.76      0.00      126     0.00     0.00  Numeric#nonzero?
  0.00 39898.76      0.00      126     0.00     0.00  Fixnum#zero?
  0.00 39898.76      0.00       15     0.00     0.00  Hash#values
  0.00 39898.76      0.00       10     0.00     0.00  Gem::Specification#test_files=
  0.00 39898.76      0.00      213     0.00     0.00  Fixnum#fdiv
  0.00 39898.76      0.00        1     0.00     0.00  PrettyPrint#breakable
  0.00 39898.76      0.00        8     0.00     0.00  PrettyPrint#break_outmost_groups
  0.00 39898.76      0.00      426     0.00     0.00  Float#/
  0.00 39898.76      0.00        2     0.00     0.00  Gem::Specification#has_rdoc=
  0.00 39898.76      0.00        1     0.00     0.00  PrettyPrint::Breakable#initialize
  0.00 39898.76      0.00      213     0.00     0.00  Rational#*
  0.00 39898.76      0.00      639     0.00     0.00  Rational#coerce
  0.00 39898.76      0.00      213     0.00     0.00  Bignum#+
  0.00 39898.76      0.00        1     0.00     0.00  PrettyPrint#current_group
  0.00 39898.76      0.00        2     0.00     0.00  PrettyPrint::Group#break?
  0.00 39898.76      0.00        4     0.00     7.50  PP::PPMethods.pp
  0.00 39898.76      0.00        4     0.00     2.50  PP::PPMethods.pop_inspect_key
  0.00 39898.76      0.00        6     0.00     6.67  PrettyPrint#group
  0.00 39898.76      0.00       16     0.00     1.25  Gem::Specification#add_runtime_dependency
  0.00 39898.76      0.00      852     0.00     0.00  Bignum#*
  0.00 39898.76      0.00        6     0.00     6.67  PrettyPrint#group_sub
  0.00 39898.76      0.00       16     0.00     0.00  Gem::Specification#required_ruby_version=
  0.00 39898.76      0.00        6     0.00     0.00  PrettyPrint::GroupQueue#delete
  0.00 39898.76      0.00        6     0.00     6.67  PrettyPrint#nest
  0.00 39898.76      0.00        2     0.00     0.00  Numeric#pretty_print
  0.00 39898.76      0.00       15     0.00     0.00  PrettyPrint#text
  0.00 39898.76      0.00        4     0.00     0.00  PP::PPMethods.push_inspect_key
  0.00 39898.76      0.00        4     0.00     0.00  PP::PPMethods.check_inspect_key
  0.00 39898.76      0.00        4     0.00     0.00  Kernel.object_id
  0.00 39898.76      0.00        1     0.00  5380.00  Meta::Database#insertDiscsFromTracks
  0.00 39898.76      0.00      351     0.00     1.48  SQLite3::Database#commit
  0.00 39898.76      0.00      351     0.00     1.48  Meta::Database#endLUW
  0.00 39898.76      0.00        2     0.00     0.00  Kernel.untrust
  0.00 39898.76      0.00        1     0.00   330.00  Meta::Database#selectAllDiscs
  0.00 39898.76      0.00        1     0.00     0.00  IO#new
  0.00 39898.76      0.00        1     0.00     0.00  Hash#==
  0.00 39898.76      0.00       26     0.00     0.00  Thread#[]
  0.00 39898.76      0.00        1     0.00     0.00  PrettyPrint#initialize
  0.00 39898.76      0.00        1     0.00     0.00  PrettyPrint::GroupQueue#initialize
  0.00 39898.76      0.00        7     0.00     0.00  PrettyPrint::GroupQueue#enq
  0.00 39898.76      0.00       96     0.00     0.00  Gem::Specification#platform
  0.00 39898.76      0.00        1     0.00     0.00  Etc.systmpdir
  0.00 39898.76      0.00        7     0.00     0.00  PrettyPrint::Group#initialize
  0.00 39898.76      0.00       12     0.00    17.50  Pry::CommandSet#alias_command
  0.00 39898.76      0.00       12     0.00    17.50  Pry::CommandSet#find_command
  0.00 39898.76      0.00       12     0.00     0.83  Pry::Command#match_score
  0.00 39898.76      0.00       12     0.00     0.00  MatchData#end
  0.00 39898.76      0.00     1189     0.00     0.01  Base64.strict_encode64
  0.00 39898.76      0.00       38     0.00    14.74  Gem::Specification#load
  0.00 39898.76      0.00       38     0.00     0.00  Gem::Specification#loaded_from=
  0.00 39898.76      0.00       12     0.00     0.00  MatchData#size
  0.00 39898.76      0.00       24     0.00     0.00  Regexp#last_match
  0.00 39898.76      0.00      521     0.00     0.36  Pry::Command#matches?
  0.00 39898.76      0.00        1     0.00     0.00  Module#instance_methods
  0.00 39898.76      0.00        1     0.00     0.00  Delegator#public_api
  0.00 39898.76      0.00        3     0.00     3.33  BasicObject#instance_eval
  0.00 39898.76      0.00      108     0.00     0.00  Gem::Specification#dependencies
  0.00 39898.76      0.00       19     0.00     0.00  Pry::CommandSet#block_command
  0.00 39898.76      0.00        2     0.00     0.00  Pry::CommandSet#disabled_command
  0.00 39898.76      0.00      109     0.00     0.00  Array#first
  0.00 39898.76      0.00       38     0.00     2.63  Comparable.>=
  0.00 39898.76      0.00        2     0.00     0.00  Pry::CommandSet#create_command
  0.00 39898.76      0.00       78     0.00     0.00  Fixnum#<=
  0.00 39898.76      0.00       80     0.00     1.13  Gem::Version#segments
  0.00 39898.76      0.00       38     0.00     0.00  Gem::Specification#summary=
  0.00 39898.76      0.00       20     0.00     0.00  Gem::Specification#rdoc_options=
  0.00 39898.76      0.00       24     0.00     0.00  Gem::Specification#licenses=
  0.00 39898.76      0.00       36     0.00     0.00  Gem::Specification#files=
  0.00 39898.76      0.00       26     0.00     0.00  Gem::Specification#extra_rdoc_files=
  0.00 39898.76      0.00        4     0.00     0.00  Gem::Specification#extensions=
  0.00 39898.76      0.00       32     0.00     0.00  Gem::Specification#description=
  0.00 39898.76      0.00       21     0.00     0.00  Pry::Command#subclass
  0.00 39898.76      0.00       38     0.00     0.00  Gem::Specification#authors=
  0.00 39898.76      0.00       38     0.00     0.00  Enumerable.grep
  0.00 39898.76      0.00      174     0.00     0.00  Kernel.Array
  0.00 39898.76      0.00       38     0.00     0.00  Gem::Specification#required_rubygems_version=
  0.00 39898.76      0.00      162     0.00     0.37  Gem::Requirement#create
  0.00 39898.76      0.00       38     0.00     0.26  Gem::Specification#version=
  0.00 39898.76      0.00       38     0.00     0.00  Gem::Version#prerelease?
  0.00 39898.76      0.00       38     0.00     0.26  Gem::Version#create
  0.00 39898.76      0.00       76     0.00     0.00  Kernel.initialize_copy
  0.00 39898.76      0.00      722     0.00     0.00  Gem::Specification#default_value
  0.00 39898.76      0.00        8     0.00     0.00  Regexp#hash
  0.00 39898.76      0.00       38     0.00     0.00  Kernel.binding
  0.00 39898.76      0.00        5     0.00     0.00  Regexp#inspect
  0.00 39898.76      0.00      114     0.00     0.00  Kernel.untaint
  0.00 39898.76      0.00        2     0.00     0.00  Gem::Specification#dirs
  0.00 39898.76      0.00        2     0.00     0.00  Gem.path
  0.00 39898.76      0.00        2     0.00     0.00  Gem.paths
  0.00 39898.76      0.00        1     0.00     0.00  Gem::PathSupport#initialize
  0.00 39898.76      0.00        1     0.00     0.00  Gem::PathSupport#path=
  0.00 39898.76      0.00        2     0.00     0.00  Array#uniq
  0.00 39898.76      0.00        2     0.00     0.00  Gem.default_path
  0.00 39898.76      0.00        1     0.00     0.00  Gem.user_dir
  0.00 39898.76      0.00        1     0.00     0.00  Gem.ruby_engine
  0.00 39898.76      0.00        2     0.00     0.00  File#exist?
  0.00 39898.76      0.00        2     0.00     0.00  Gem.user_home
  0.00 39898.76      0.00        1     0.00     0.00  Gem.find_home
  0.00 39898.76      0.00       63     0.00     0.00  File#expand_path
  0.00 39898.76      0.00        2     0.00     0.00  Gem.default_dir
  0.00 39898.76      0.00      129     0.00     0.00  File#join
  0.00 39898.76      0.00        2     0.00     5.00  Hash#default
  0.00 39898.76      0.00        2     0.00     5.00  Proc#yield
  0.00 39898.76      0.00       13     0.00     0.00  ENV.[]
  0.00 39898.76      0.00        1     0.00     0.00  Gem.clear_paths
  0.00 39898.76      0.00        2     0.00     0.00  Gem::Specification#reset
  0.00 39898.76      0.00        1     0.00     0.00  Enumerable.partition
  0.00 39898.76      0.00        1     0.00     0.00  Hash#reject
  0.00 39898.76      0.00        2     0.00     0.00  Gem::Requirement#<=>
  0.00 39898.76      0.00        2     0.00     0.00  Array#to_s
  0.00 39898.76      0.00        2     0.00     0.00  Gem::Requirement#to_s
  0.00 39898.76      0.00        2     0.00     0.00  Gem::Requirement#as_list
  0.00 39898.76      0.00        3     0.00     0.00  Comparable.==
  0.00 39898.76      0.00        1     0.00     0.00  Time#<=>
  0.00 39898.76      0.00       43     0.00     0.00  Pry::CommandSet#add_command
  0.00 39898.76      0.00        2     0.00     0.00  Gem::Requirement#default
  0.00 39898.76      0.00       42     0.00     0.00  Pry::Command#banner
  0.00 39898.76      0.00       55     0.00     0.00  Pry::Command#group
  0.00 39898.76      0.00      105     0.00     0.00  Hash#merge!
  0.00 39898.76      0.00      651     0.00     0.02  Pry::Command#command_options
  0.00 39898.76      0.00      282     0.00     0.00  String#strip!
  0.00 39898.76      0.00       68     0.00     0.15  Pry::Command#default_options
  0.00 39898.76      0.00       47     0.00     0.00  NilClass#inspect
  0.00 39898.76      0.00      477     0.00     0.00  Kernel.class
  0.00 39898.76      0.00      177     0.00     0.00  Array#==
  0.00 39898.76      0.00      164     0.00     0.00  Array#uniq!
  0.00 39898.76      0.00      164     0.00     0.00  Array#compact!
  0.00 39898.76      0.00        1     0.00     0.00  Time#day
  0.00 39898.76      0.00        1     0.00     0.00  Time#month
  0.00 39898.76      0.00        1     0.00     0.00  Time#year
  0.00 39898.76      0.00       40     0.00     0.25  Time#utc
  0.00 39898.76      0.00      214     0.00     0.00  Numeric#quo
  0.00 39898.76      0.00      137     0.00     0.00  Pry::Command#description
  0.00 39898.76      0.00      138     0.00     0.00  Delegator#delegating_block
  0.00 39898.76      0.00        1     0.00     0.00  Pry::CommandSet#initialize
  0.00 39898.76      0.00        1     0.00     0.00  PrettyPrint::Breakable#output
  0.00 39898.76      0.00       70     0.00     0.14  Module#class_eval
  0.00 39898.76      0.00        1     0.00     0.00  Pry::CommandSet#import
  0.00 39898.76      0.00        1     0.00     0.00  Module#initialize
  0.00 39898.76      0.00        4     0.00     2.50  Forwardable.def_instance_delegators
  0.00 39898.76      0.00       48     0.00     0.00  Regexp#quote
  0.00 39898.76      0.00      148     0.00     0.00  Kernel.lambda
  0.00 39898.76      0.00       11     0.00     0.00  Module#autoload
  0.00 39898.76      0.00        8     0.00     0.00  String#end_with?
  0.00 39898.76      0.00        8     0.00     0.00  String#start_with?
  0.00 39898.76      0.00       12     0.00     0.00  Exception#message
  0.00 39898.76      0.00       12     0.00     0.00  Exception#to_s
  0.00 39898.76      0.00        6     0.00     0.00  Exception#set_backtrace
  0.00 39898.76      0.00       12     0.00     0.00  Exception#backtrace
  0.00 39898.76      0.00       12     0.00     0.00  Exception#exception
  0.00 39898.76      0.00        6     0.00     0.00  Exception#initialize
  0.00 39898.76      0.00       38     0.00     0.26  Forwardable.def_instance_delegator
  0.00 39898.76      0.00      256     0.00     0.00  Fixnum#>>
  0.00 39898.76      0.00       14     0.00     0.00  Array#delete
  0.00 39898.76      0.00        1     0.00     0.00  Pry::Helpers::BaseHelpers.rbx?
  0.00 39898.76      0.00       23     0.00     0.00  Kernel.extend
  0.00 39898.76      0.00       22     0.00     0.00  Module#extended
  0.00 39898.76      0.00       23     0.00     0.00  Module#extend_object
  0.00 39898.76      0.00      140     0.00     0.00  Array#hash
  0.00 39898.76      0.00        3     0.00     0.00  Hash#each_pair
  0.00 39898.76      0.00       75     0.00     0.00  Module#const_set
  0.00 39898.76      0.00        1     0.00     0.00  URI::Parser#initialize
  0.00 39898.76      0.00        1     0.00     0.00  URI::Parser#initialize_regexp
  0.00 39898.76      0.00        1     0.00     0.00  NilClass#to_s
  0.00 39898.76      0.00        1     0.00     0.00  URI::Parser#initialize_pattern
  0.00 39898.76      0.00        2     0.00     0.00  Module#instance_method
  0.00 39898.76      0.00      150     0.00     0.00  String#hash
  0.00 39898.76      0.00       86     0.00     0.00  Kernel.freeze
  0.00 39898.76      0.00        4     0.00     0.00  Comparable.<
  0.00 39898.76      0.00      220     0.00     0.00  String#<=>
  0.00 39898.76      0.00        1     0.00     0.00  REXML::XMLDecl#default
  0.00 39898.76      0.00        1     0.00     0.00  REXML::XMLDecl#nowrite
  0.00 39898.76      0.00       19     0.00     0.00  Module#attr_writer
  0.00 39898.76      0.00       20     0.00     0.00  Regexp#initialize
  0.00 39898.76      0.00        8     0.00     0.00  Array#join
  0.00 39898.76      0.00        2     0.00     0.00  Pry::Helpers::BaseHelpers.windows?
  0.00 39898.76      0.00        3     0.00     0.00  Range#last
  0.00 39898.76      0.00        3     0.00     0.00  String#ord
  0.00 39898.76      0.00        3     0.00     0.00  Range#first
  0.00 39898.76      0.00        2     0.00     0.00  Pry::Helpers::BaseHelpers.jruby?
  0.00 39898.76      0.00       19     0.00     0.00  Module#method_defined?
  0.00 39898.76      0.00      150     0.00     0.00  Module#public
  0.00 39898.76      0.00        5     0.00     0.00  REXML::Entity#initialize
  0.00 39898.76      0.00        1     0.00     0.00  Delegator#const_missing
  0.00 39898.76      0.00      113     0.00     0.00  Module#include
  0.00 39898.76      0.00      110     0.00     0.00  Module#included
  0.00 39898.76      0.00      113     0.00     0.00  Module#append_features
  0.00 39898.76      0.00      242     0.00     0.00  Module#private
  0.00 39898.76      0.00        1     0.00     0.00  Module#const_get
  0.00 39898.76      0.00      241     0.00     0.00  Meta::MusicBrainz::Release#mediumByDiscID
  0.00 39898.76      0.00        1     0.00    20.00  Object#DelegateClass
  0.00 39898.76      0.00       35     0.00     0.00  Module#protected
  0.00 39898.76      0.00        4     0.00   385.00  Kernel.require_relative
  0.00 39898.76      0.00      211     0.00     0.00  Module#attr_accessor
  0.00 39898.76      0.00        2     0.00     0.00  Kernel.define_singleton_method
  0.00 39898.76      0.00      418     0.00     0.00  IO#set_encoding
  0.00 39898.77      0.00        1     0.00 39898770.00  #toplevel
/usr/lib/ruby/1.9.1/profiler.rb:7:in `times': Interrupt
	from /usr/lib/ruby/1.9.1/profiler.rb:7:in `block in <module:Profiler__>'
	from /usr/lib/ruby/1.9.1/rexml/element.rb:125:in `root'
	from /usr/lib/ruby/1.9.1/rexml/element.rb:126:in `root'
	from /usr/lib/ruby/1.9.1/rexml/element.rb:126:in `root'
	from /usr/lib/ruby/1.9.1/rexml/element.rb:126:in `root'
	from /usr/lib/ruby/1.9.1/rexml/element.rb:132:in `document'
	from /usr/lib/ruby/1.9.1/rexml/element.rb:1061:in `get_attribute'
	from /usr/lib/ruby/1.9.1/rexml/element.rb:987:in `[]'
	from /usr/lib/ruby/1.9.1/rexml/element.rb:231:in `namespace'
	from /usr/lib/ruby/1.9.1/rexml/xpath_parser.rb:156:in `get_namespace'
	from /usr/lib/ruby/1.9.1/rexml/xpath_parser.rb:191:in `block in expr'
	from /usr/lib/ruby/1.9.1/rexml/xpath_parser.rb:189:in `delete_if'
	from /usr/lib/ruby/1.9.1/rexml/xpath_parser.rb:189:in `expr'
	from /usr/lib/ruby/1.9.1/rexml/xpath_parser.rb:550:in `block in d_o_s'
	from /usr/lib/ruby/1.9.1/rexml/xpath_parser.rb:547:in `each_index'
	from /usr/lib/ruby/1.9.1/rexml/xpath_parser.rb:547:in `d_o_s'
	from /usr/lib/ruby/1.9.1/rexml/xpath_parser.rb:552:in `block in d_o_s'
	from /usr/lib/ruby/1.9.1/rexml/xpath_parser.rb:547:in `each_index'
	from /usr/lib/ruby/1.9.1/rexml/xpath_parser.rb:547:in `d_o_s'
	from /usr/lib/ruby/1.9.1/rexml/xpath_parser.rb:552:in `block in d_o_s'
	from /usr/lib/ruby/1.9.1/rexml/xpath_parser.rb:547:in `each_index'
	from /usr/lib/ruby/1.9.1/rexml/xpath_parser.rb:547:in `d_o_s'
	from /usr/lib/ruby/1.9.1/rexml/xpath_parser.rb:552:in `block in d_o_s'
	from /usr/lib/ruby/1.9.1/rexml/xpath_parser.rb:547:in `each_index'
	from /usr/lib/ruby/1.9.1/rexml/xpath_parser.rb:547:in `d_o_s'
	from /usr/lib/ruby/1.9.1/rexml/xpath_parser.rb:552:in `block in d_o_s'
	from /usr/lib/ruby/1.9.1/rexml/xpath_parser.rb:547:in `each_index'
	from /usr/lib/ruby/1.9.1/rexml/xpath_parser.rb:547:in `d_o_s'
	from /usr/lib/ruby/1.9.1/rexml/xpath_parser.rb:552:in `block in d_o_s'
	from /usr/lib/ruby/1.9.1/rexml/xpath_parser.rb:547:in `each_index'
	from /usr/lib/ruby/1.9.1/rexml/xpath_parser.rb:547:in `d_o_s'
	from /usr/lib/ruby/1.9.1/rexml/xpath_parser.rb:538:in `descendant_or_self'
	from /usr/lib/ruby/1.9.1/rexml/xpath_parser.rb:346:in `expr'
	from /usr/lib/ruby/1.9.1/rexml/xpath_parser.rb:139:in `match'
	from /usr/lib/ruby/1.9.1/rexml/xpath_parser.rb:70:in `parse'
	from /usr/lib/ruby/1.9.1/rexml/xpath.rb:67:in `each'
	from /usr/lib/ruby/1.9.1/rexml/element.rb:905:in `each'
	from /home/james/Code/tapiola/lib/tapiola/Metadata/metamb.rb:135:in `getFromXML'
	from /home/james/Code/tapiola/lib/tapiola/Metadata/metamb.rb:124:in `block in getFromMbid'
	from /usr/lib/ruby/1.9.1/rexml/element.rb:905:in `block in each'
	from /usr/lib/ruby/1.9.1/rexml/xpath.rb:67:in `each'
	from /usr/lib/ruby/1.9.1/rexml/xpath.rb:67:in `each'
	from /usr/lib/ruby/1.9.1/rexml/element.rb:905:in `each'
	from /home/james/Code/tapiola/lib/tapiola/Metadata/metamb.rb:123:in `getFromMbid'
	from /home/james/Code/tapiola/lib/tapiola/Metadata/metamb.rb:87:in `block in initialize'
	from /usr/lib/ruby/1.9.1/rexml/element.rb:905:in `block in each'
	from /usr/lib/ruby/1.9.1/rexml/xpath.rb:67:in `each'
	from /usr/lib/ruby/1.9.1/rexml/xpath.rb:67:in `each'
	from /usr/lib/ruby/1.9.1/rexml/element.rb:905:in `each'
	from /home/james/Code/tapiola/lib/tapiola/Metadata/metamb.rb:84:in `initialize'
	from /home/james/Code/tapiola/lib/tapiola/Metadata/metamb.rb:59:in `new'
	from /home/james/Code/tapiola/lib/tapiola/Metadata/metamb.rb:59:in `block in getFromXML'
	from /usr/lib/ruby/1.9.1/rexml/element.rb:905:in `block in each'
	from /usr/lib/ruby/1.9.1/rexml/xpath.rb:67:in `each'
	from /usr/lib/ruby/1.9.1/rexml/xpath.rb:67:in `each'
	from /usr/lib/ruby/1.9.1/rexml/element.rb:905:in `each'
	from /home/james/Code/tapiola/lib/tapiola/Metadata/metamb.rb:56:in `getFromXML'
	from /home/james/Code/tapiola/lib/tapiola/Metadata/metamb.rb:33:in `block in getFromDiscID'
	from /usr/lib/ruby/1.9.1/rexml/element.rb:905:in `block in each'
	from /usr/lib/ruby/1.9.1/rexml/xpath.rb:67:in `each'
	from /usr/lib/ruby/1.9.1/rexml/xpath.rb:67:in `each'
	from /usr/lib/ruby/1.9.1/rexml/element.rb:905:in `each'
	from /home/james/Code/tapiola/lib/tapiola/Metadata/metamb.rb:28:in `getFromDiscID'
	from metascan.rb:144:in `block (2 levels) in <main>'
	from metascan.rb:141:in `each'
	from metascan.rb:141:in `block in <main>'
	from metascan.rb:131:in `each'
	from metascan.rb:131:in `<main>'
